[debug] [2020-08-18T22:11:37.174Z] ----------------------------------------------------------------------
[debug] [2020-08-18T22:11:37.176Z] Command:       /Users/thenet/.nvm/versions/node/v14.5.0/bin/node /Users/thenet/.nvm/versions/node/v14.5.0/bin/firebase emulators:start
[debug] [2020-08-18T22:11:37.176Z] CLI Version:   8.7.0
[debug] [2020-08-18T22:11:37.176Z] Platform:      darwin
[debug] [2020-08-18T22:11:37.176Z] Node Version:  v14.5.0
[debug] [2020-08-18T22:11:37.177Z] Time:          Wed Aug 19 2020 07:11:37 GMT+0900 (Korean Standard Time)
[debug] [2020-08-18T22:11:37.178Z] ----------------------------------------------------------------------
[debug] [2020-08-18T22:11:37.178Z] 
[debug] [2020-08-18T22:11:37.190Z] > command requires scopes: ["email","openid","https://www.googleapis.com/auth/cloudplatformprojects.readonly","https://www.googleapis.com/auth/firebase","https://www.googleapis.com/auth/cloud-platform"]
[debug] [2020-08-18T22:11:37.190Z] > authorizing via signed-in user
[info] i  emulators: Starting emulators: functions {"metadata":{"emulator":{"name":"hub"},"message":"Starting emulators: functions"}}
[debug] [2020-08-18T22:11:37.206Z] [hub] writing locator at /var/folders/gf/rqbsf_z11xs0cfjnkpd_qkv00000gn/T/hub-fbweb-31a5f.json
[debug] [2020-08-18T22:11:37.240Z] defaultcredentials: writing to file /Users/thenet/.config/firebase/seeds_coffee_gmail.com_application_default_credentials.json
[debug] [2020-08-18T22:11:37.242Z] Setting GAC to /Users/thenet/.config/firebase/seeds_coffee_gmail.com_application_default_credentials.json {"metadata":{"emulator":{"name":"functions"},"message":"Setting GAC to /Users/thenet/.config/firebase/seeds_coffee_gmail.com_application_default_credentials.json"}}
[warn] ⚠  functions: The following emulators are not running, calls to these services from the Functions emulator will affect production: firestore, database, hosting, pubsub {"metadata":{"emulator":{"name":"functions"},"message":"The following emulators are not running, calls to these services from the Functions emulator will affect production: \u001b[1mfirestore, database, hosting, pubsub\u001b[22m"}}
[warn] ⚠  Your requested "node" version "10" doesn't match your global version "14" {"metadata":{"emulator":{"name":"functions"},"message":"Your requested \"node\" version \"10\" doesn't match your global version \"14\""}}
[debug] [2020-08-18T22:11:37.262Z] Ignoring unsupported arg: auto_download {"metadata":{"emulator":{"name":"ui"},"message":"Ignoring unsupported arg: auto_download"}}
[debug] [2020-08-18T22:11:37.262Z] Ignoring unsupported arg: port {"metadata":{"emulator":{"name":"ui"},"message":"Ignoring unsupported arg: port"}}
[debug] [2020-08-18T22:11:37.262Z] Starting Emulator UI with command {"binary":"node","args":["/Users/thenet/.cache/firebase/emulators/ui-v1.1.1/server.bundle.js"],"optionalArgs":[],"joinArgs":false} {"metadata":{"emulator":{"name":"ui"},"message":"Starting Emulator UI with command {\"binary\":\"node\",\"args\":[\"/Users/thenet/.cache/firebase/emulators/ui-v1.1.1/server.bundle.js\"],\"optionalArgs\":[],\"joinArgs\":false}"}}
[info] i  ui: Emulator UI logging to ui-debug.log {"metadata":{"emulator":{"name":"ui"},"message":"Emulator UI logging to \u001b[1mui-debug.log\u001b[22m"}}
[debug] [2020-08-18T22:11:37.382Z] Web / API server started at http://localhost:4000
 {"metadata":{"emulator":{"name":"ui"},"message":"Web / API server started at http://localhost:4000\n"}}
[info] i  functions: Watching "/Users/thenet/WebstormProjects/firebase_func/functions" for Cloud Functions... {"metadata":{"emulator":{"name":"functions"},"message":"Watching \"/Users/thenet/WebstormProjects/firebase_func/functions\" for Cloud Functions..."}}
[debug] [2020-08-18T22:11:37.541Z] [worker-pool] addWorker(~diagnostic~) {"metadata":{"emulator":{"name":"functions"},"message":"[worker-pool] addWorker(~diagnostic~)"}}
[debug] [2020-08-18T22:11:37.541Z] [worker-pool] Adding worker with key ~diagnostic~, total=1 {"metadata":{"emulator":{"name":"functions"},"message":"[worker-pool] Adding worker with key ~diagnostic~, total=1"}}
[debug] [2020-08-18T22:11:37.541Z] [worker-pool] submitWork(triggerId=) {"metadata":{"emulator":{"name":"functions"},"message":"[worker-pool] submitWork(triggerId=)"}}
[debug] [2020-08-18T22:11:37.542Z] [worker-~diagnostic~-6b0bb852-5e72-4df7-8088-22ac9cd4ac39]: Assigning socketPath: /var/folders/gf/rqbsf_z11xs0cfjnkpd_qkv00000gn/T/fire_emu_3319.sock {"metadata":{"emulator":{"name":"functions"},"message":"[worker-~diagnostic~-6b0bb852-5e72-4df7-8088-22ac9cd4ac39]: Assigning socketPath: /var/folders/gf/rqbsf_z11xs0cfjnkpd_qkv00000gn/T/fire_emu_3319.sock"}}
[debug] [2020-08-18T22:11:37.542Z] [worker-~diagnostic~-6b0bb852-5e72-4df7-8088-22ac9cd4ac39]: BUSY {"metadata":{"emulator":{"name":"functions"},"message":"[worker-~diagnostic~-6b0bb852-5e72-4df7-8088-22ac9cd4ac39]: BUSY"}}
[debug] [2020-08-18T22:11:37.808Z] [runtime-status] [3319] Functions runtime initialized. {"cwd":"/Users/thenet/WebstormProjects/firebase_func/functions","node_version":"14.5.0"} {"metadata":{"emulator":{"name":"functions"},"message":"[runtime-status] [3319] Functions runtime initialized. {\"cwd\":\"/Users/thenet/WebstormProjects/firebase_func/functions\",\"node_version\":\"14.5.0\"}"}}
[debug] [2020-08-18T22:11:37.810Z] [runtime-status] [3319] Disabled runtime features: undefined {"metadata":{"emulator":{"name":"functions"},"message":"[runtime-status] [3319] Disabled runtime features: undefined"}}
[debug] [2020-08-18T22:11:37.813Z] [runtime-status] [3319] Resolved module firebase-admin {"declared":true,"installed":true,"version":"8.13.0","resolution":"/Users/thenet/WebstormProjects/firebase_func/functions/node_modules/firebase-admin/lib/index.js"} {"metadata":{"emulator":{"name":"functions"},"message":"[runtime-status] [3319] Resolved module firebase-admin {\"declared\":true,\"installed\":true,\"version\":\"8.13.0\",\"resolution\":\"/Users/thenet/WebstormProjects/firebase_func/functions/node_modules/firebase-admin/lib/index.js\"}"}}
[debug] [2020-08-18T22:11:37.815Z] [runtime-status] [3319] Resolved module firebase-functions {"declared":true,"installed":true,"version":"3.9.1","resolution":"/Users/thenet/WebstormProjects/firebase_func/functions/node_modules/firebase-functions/lib/index.js"} {"metadata":{"emulator":{"name":"functions"},"message":"[runtime-status] [3319] Resolved module firebase-functions {\"declared\":true,\"installed\":true,\"version\":\"3.9.1\",\"resolution\":\"/Users/thenet/WebstormProjects/firebase_func/functions/node_modules/firebase-functions/lib/index.js\"}"}}
[debug] [2020-08-18T22:11:37.816Z] [runtime-status] [3319] Resolved module firebase-functions {"declared":true,"installed":true,"version":"3.9.1","resolution":"/Users/thenet/WebstormProjects/firebase_func/functions/node_modules/firebase-functions/lib/index.js"} {"metadata":{"emulator":{"name":"functions"},"message":"[runtime-status] [3319] Resolved module firebase-functions {\"declared\":true,\"installed\":true,\"version\":\"3.9.1\",\"resolution\":\"/Users/thenet/WebstormProjects/firebase_func/functions/node_modules/firebase-functions/lib/index.js\"}"}}
[debug] [2020-08-18T22:11:37.818Z] [runtime-status] [3319] Outgoing network have been stubbed. [{"name":"http","status":"mocked"},{"name":"http","status":"mocked"},{"name":"https","status":"mocked"},{"name":"https","status":"mocked"},{"name":"net","status":"mocked"}] {"metadata":{"emulator":{"name":"functions"},"message":"[runtime-status] [3319] Outgoing network have been stubbed. [{\"name\":\"http\",\"status\":\"mocked\"},{\"name\":\"http\",\"status\":\"mocked\"},{\"name\":\"https\",\"status\":\"mocked\"},{\"name\":\"https\",\"status\":\"mocked\"},{\"name\":\"net\",\"status\":\"mocked\"}]"}}
[debug] [2020-08-18T22:11:37.818Z] [runtime-status] [3319] Resolved module firebase-functions {"declared":true,"installed":true,"version":"3.9.1","resolution":"/Users/thenet/WebstormProjects/firebase_func/functions/node_modules/firebase-functions/lib/index.js"} {"metadata":{"emulator":{"name":"functions"},"message":"[runtime-status] [3319] Resolved module firebase-functions {\"declared\":true,\"installed\":true,\"version\":\"3.9.1\",\"resolution\":\"/Users/thenet/WebstormProjects/firebase_func/functions/node_modules/firebase-functions/lib/index.js\"}"}}
[debug] [2020-08-18T22:11:37.883Z] [runtime-status] [3319] Checked functions.config() {"config":{}} {"metadata":{"emulator":{"name":"functions"},"message":"[runtime-status] [3319] Checked functions.config() {\"config\":{}}"}}
[debug] [2020-08-18T22:11:37.883Z] [runtime-status] [3319] firebase-functions has been stubbed. {"functionsResolution":{"declared":true,"installed":true,"version":"3.9.1","resolution":"/Users/thenet/WebstormProjects/firebase_func/functions/node_modules/firebase-functions/lib/index.js"}} {"metadata":{"emulator":{"name":"functions"},"message":"[runtime-status] [3319] firebase-functions has been stubbed. {\"functionsResolution\":{\"declared\":true,\"installed\":true,\"version\":\"3.9.1\",\"resolution\":\"/Users/thenet/WebstormProjects/firebase_func/functions/node_modules/firebase-functions/lib/index.js\"}}"}}
[debug] [2020-08-18T22:11:37.883Z] [runtime-status] [3319] Resolved module firebase-functions {"declared":true,"installed":true,"version":"3.9.1","resolution":"/Users/thenet/WebstormProjects/firebase_func/functions/node_modules/firebase-functions/lib/index.js"} {"metadata":{"emulator":{"name":"functions"},"message":"[runtime-status] [3319] Resolved module firebase-functions {\"declared\":true,\"installed\":true,\"version\":\"3.9.1\",\"resolution\":\"/Users/thenet/WebstormProjects/firebase_func/functions/node_modules/firebase-functions/lib/index.js\"}"}}
[debug] [2020-08-18T22:11:37.884Z] [runtime-status] [3319] Resolved module firebase-admin {"declared":true,"installed":true,"version":"8.13.0","resolution":"/Users/thenet/WebstormProjects/firebase_func/functions/node_modules/firebase-admin/lib/index.js"} {"metadata":{"emulator":{"name":"functions"},"message":"[runtime-status] [3319] Resolved module firebase-admin {\"declared\":true,\"installed\":true,\"version\":\"8.13.0\",\"resolution\":\"/Users/thenet/WebstormProjects/firebase_func/functions/node_modules/firebase-admin/lib/index.js\"}"}}
[debug] [2020-08-18T22:11:37.884Z] [runtime-status] [3319] Resolved module firebase-functions {"declared":true,"installed":true,"version":"3.9.1","resolution":"/Users/thenet/WebstormProjects/firebase_func/functions/node_modules/firebase-functions/lib/index.js"} {"metadata":{"emulator":{"name":"functions"},"message":"[runtime-status] [3319] Resolved module firebase-functions {\"declared\":true,\"installed\":true,\"version\":\"3.9.1\",\"resolution\":\"/Users/thenet/WebstormProjects/firebase_func/functions/node_modules/firebase-functions/lib/index.js\"}"}}
[debug] [2020-08-18T22:11:37.885Z] [runtime-status] [3319] firebase-admin has been stubbed. {"adminResolution":{"declared":true,"installed":true,"version":"8.13.0","resolution":"/Users/thenet/WebstormProjects/firebase_func/functions/node_modules/firebase-admin/lib/index.js"}} {"metadata":{"emulator":{"name":"functions"},"message":"[runtime-status] [3319] firebase-admin has been stubbed. {\"adminResolution\":{\"declared\":true,\"installed\":true,\"version\":\"8.13.0\",\"resolution\":\"/Users/thenet/WebstormProjects/firebase_func/functions/node_modules/firebase-admin/lib/index.js\"}}"}}
[debug] [2020-08-18T22:11:38.046Z] [runtime-status] [3319] initializeApp(DEFAULT) {"databaseURL":"https://fbweb-31a5f.firebaseio.com","storageBucket":"fbweb-31a5f.appspot.com","projectId":"fbweb-31a5f"} {"metadata":{"emulator":{"name":"functions"},"message":"[runtime-status] [3319] initializeApp(DEFAULT) {\"databaseURL\":\"https://fbweb-31a5f.firebaseio.com\",\"storageBucket\":\"fbweb-31a5f.appspot.com\",\"projectId\":\"fbweb-31a5f\"}"}}
[warn] ⚠  functions: The Cloud Firestore emulator is not running, so calls to Firestore will affect production. {"metadata":{"emulator":{"name":"functions"},"message":"The Cloud Firestore emulator is not running, so calls to Firestore will affect production."}}
[info] ✔  functions[api]: http function initialized (http://localhost:5001/fbweb-31a5f/us-central1/api). {"metadata":{"emulator":{"name":"functions"},"message":"\u001b[1mhttp\u001b[22m function initialized (http://localhost:5001/fbweb-31a5f/us-central1/api)."}}
[info] 
┌───────────────────────────────────────────────────────────────────────┐
│ ✔  All emulators ready! View status and logs at http://localhost:4000 │
└───────────────────────────────────────────────────────────────────────┘

┌───────────┬────────────────┬─────────────────────────────────┐
│ Emulator  │ Host:Port      │ View in Emulator UI             │
├───────────┼────────────────┼─────────────────────────────────┤
│ Functions │ localhost:5001 │ http://localhost:4000/functions │
└───────────┴────────────────┴─────────────────────────────────┘
  Other reserved ports: 4400, 4500

Issues? Report them at https://github.com/firebase/firebase-tools/issues and attach the *-debug.log files.
 
[debug] [2020-08-18T22:11:38.489Z] [worker-~diagnostic~-6b0bb852-5e72-4df7-8088-22ac9cd4ac39]: IDLE {"metadata":{"emulator":{"name":"functions"},"message":"[worker-~diagnostic~-6b0bb852-5e72-4df7-8088-22ac9cd4ac39]: IDLE"}}
[debug] [2020-08-18T22:11:46.812Z] [work-queue] {"queueLength":1,"workRunningCount":0}
[debug] [2020-08-18T22:11:46.813Z] [work-queue] {"queueLength":0,"workRunningCount":1}
[debug] [2020-08-18T22:11:46.813Z] Accepted request GET /fbweb-31a5f/us-central1/api/topics --> api
[debug] [2020-08-18T22:11:46.818Z] [worker-pool] addWorker(api) {"metadata":{"emulator":{"name":"functions"},"message":"[worker-pool] addWorker(api)"}}
[debug] [2020-08-18T22:11:46.818Z] [worker-pool] Adding worker with key api, total=1 {"metadata":{"emulator":{"name":"functions"},"message":"[worker-pool] Adding worker with key api, total=1"}}
[debug] [2020-08-18T22:11:46.818Z] [worker-pool] submitWork(triggerId=api) {"metadata":{"emulator":{"name":"functions"},"message":"[worker-pool] submitWork(triggerId=api)"}}
[debug] [2020-08-18T22:11:46.818Z] [worker-api-174df3f1-114b-482c-8f54-b13bd1c1b3f7]: Assigning socketPath: /var/folders/gf/rqbsf_z11xs0cfjnkpd_qkv00000gn/T/fire_emu_3328.sock {"metadata":{"emulator":{"name":"functions"},"message":"[worker-api-174df3f1-114b-482c-8f54-b13bd1c1b3f7]: Assigning socketPath: /var/folders/gf/rqbsf_z11xs0cfjnkpd_qkv00000gn/T/fire_emu_3328.sock"}}
[debug] [2020-08-18T22:11:46.818Z] [worker-api-174df3f1-114b-482c-8f54-b13bd1c1b3f7]: BUSY {"metadata":{"emulator":{"name":"functions"},"message":"[worker-api-174df3f1-114b-482c-8f54-b13bd1c1b3f7]: BUSY"}}
[debug] [2020-08-18T22:11:47.091Z] [runtime-status] [3328] Functions runtime initialized. {"cwd":"/Users/thenet/WebstormProjects/firebase_func/functions","node_version":"14.5.0"} {"metadata":{"emulator":{"name":"functions"},"function":{"name":"api"},"message":"[runtime-status] [3328] Functions runtime initialized. {\"cwd\":\"/Users/thenet/WebstormProjects/firebase_func/functions\",\"node_version\":\"14.5.0\"}"}}
[debug] [2020-08-18T22:11:47.093Z] [runtime-status] [3328] Disabled runtime features: undefined {"metadata":{"emulator":{"name":"functions"},"function":{"name":"api"},"message":"[runtime-status] [3328] Disabled runtime features: undefined"}}
[debug] [2020-08-18T22:11:47.096Z] [runtime-status] [3328] Resolved module firebase-admin {"declared":true,"installed":true,"version":"8.13.0","resolution":"/Users/thenet/WebstormProjects/firebase_func/functions/node_modules/firebase-admin/lib/index.js"} {"metadata":{"emulator":{"name":"functions"},"function":{"name":"api"},"message":"[runtime-status] [3328] Resolved module firebase-admin {\"declared\":true,\"installed\":true,\"version\":\"8.13.0\",\"resolution\":\"/Users/thenet/WebstormProjects/firebase_func/functions/node_modules/firebase-admin/lib/index.js\"}"}}
[debug] [2020-08-18T22:11:47.097Z] [runtime-status] [3328] Resolved module firebase-functions {"declared":true,"installed":true,"version":"3.9.1","resolution":"/Users/thenet/WebstormProjects/firebase_func/functions/node_modules/firebase-functions/lib/index.js"} {"metadata":{"emulator":{"name":"functions"},"function":{"name":"api"},"message":"[runtime-status] [3328] Resolved module firebase-functions {\"declared\":true,\"installed\":true,\"version\":\"3.9.1\",\"resolution\":\"/Users/thenet/WebstormProjects/firebase_func/functions/node_modules/firebase-functions/lib/index.js\"}"}}
[debug] [2020-08-18T22:11:47.099Z] [runtime-status] [3328] Resolved module firebase-functions {"declared":true,"installed":true,"version":"3.9.1","resolution":"/Users/thenet/WebstormProjects/firebase_func/functions/node_modules/firebase-functions/lib/index.js"} {"metadata":{"emulator":{"name":"functions"},"function":{"name":"api"},"message":"[runtime-status] [3328] Resolved module firebase-functions {\"declared\":true,\"installed\":true,\"version\":\"3.9.1\",\"resolution\":\"/Users/thenet/WebstormProjects/firebase_func/functions/node_modules/firebase-functions/lib/index.js\"}"}}
[debug] [2020-08-18T22:11:47.101Z] [runtime-status] [3328] Outgoing network have been stubbed. [{"name":"http","status":"mocked"},{"name":"http","status":"mocked"},{"name":"https","status":"mocked"},{"name":"https","status":"mocked"},{"name":"net","status":"mocked"}] {"metadata":{"emulator":{"name":"functions"},"function":{"name":"api"},"message":"[runtime-status] [3328] Outgoing network have been stubbed. [{\"name\":\"http\",\"status\":\"mocked\"},{\"name\":\"http\",\"status\":\"mocked\"},{\"name\":\"https\",\"status\":\"mocked\"},{\"name\":\"https\",\"status\":\"mocked\"},{\"name\":\"net\",\"status\":\"mocked\"}]"}}
[debug] [2020-08-18T22:11:47.101Z] [runtime-status] [3328] Resolved module firebase-functions {"declared":true,"installed":true,"version":"3.9.1","resolution":"/Users/thenet/WebstormProjects/firebase_func/functions/node_modules/firebase-functions/lib/index.js"} {"metadata":{"emulator":{"name":"functions"},"function":{"name":"api"},"message":"[runtime-status] [3328] Resolved module firebase-functions {\"declared\":true,\"installed\":true,\"version\":\"3.9.1\",\"resolution\":\"/Users/thenet/WebstormProjects/firebase_func/functions/node_modules/firebase-functions/lib/index.js\"}"}}
[debug] [2020-08-18T22:11:47.131Z] [runtime-status] [3328] Checked functions.config() {"config":{}} {"metadata":{"emulator":{"name":"functions"},"function":{"name":"api"},"message":"[runtime-status] [3328] Checked functions.config() {\"config\":{}}"}}
[debug] [2020-08-18T22:11:47.132Z] [runtime-status] [3328] firebase-functions has been stubbed. {"functionsResolution":{"declared":true,"installed":true,"version":"3.9.1","resolution":"/Users/thenet/WebstormProjects/firebase_func/functions/node_modules/firebase-functions/lib/index.js"}} {"metadata":{"emulator":{"name":"functions"},"function":{"name":"api"},"message":"[runtime-status] [3328] firebase-functions has been stubbed. {\"functionsResolution\":{\"declared\":true,\"installed\":true,\"version\":\"3.9.1\",\"resolution\":\"/Users/thenet/WebstormProjects/firebase_func/functions/node_modules/firebase-functions/lib/index.js\"}}"}}
[debug] [2020-08-18T22:11:47.132Z] [runtime-status] [3328] Resolved module firebase-functions {"declared":true,"installed":true,"version":"3.9.1","resolution":"/Users/thenet/WebstormProjects/firebase_func/functions/node_modules/firebase-functions/lib/index.js"} {"metadata":{"emulator":{"name":"functions"},"function":{"name":"api"},"message":"[runtime-status] [3328] Resolved module firebase-functions {\"declared\":true,\"installed\":true,\"version\":\"3.9.1\",\"resolution\":\"/Users/thenet/WebstormProjects/firebase_func/functions/node_modules/firebase-functions/lib/index.js\"}"}}
[debug] [2020-08-18T22:11:47.133Z] [runtime-status] [3328] Resolved module firebase-admin {"declared":true,"installed":true,"version":"8.13.0","resolution":"/Users/thenet/WebstormProjects/firebase_func/functions/node_modules/firebase-admin/lib/index.js"} {"metadata":{"emulator":{"name":"functions"},"function":{"name":"api"},"message":"[runtime-status] [3328] Resolved module firebase-admin {\"declared\":true,\"installed\":true,\"version\":\"8.13.0\",\"resolution\":\"/Users/thenet/WebstormProjects/firebase_func/functions/node_modules/firebase-admin/lib/index.js\"}"}}
[debug] [2020-08-18T22:11:47.133Z] [runtime-status] [3328] Resolved module firebase-functions {"declared":true,"installed":true,"version":"3.9.1","resolution":"/Users/thenet/WebstormProjects/firebase_func/functions/node_modules/firebase-functions/lib/index.js"} {"metadata":{"emulator":{"name":"functions"},"function":{"name":"api"},"message":"[runtime-status] [3328] Resolved module firebase-functions {\"declared\":true,\"installed\":true,\"version\":\"3.9.1\",\"resolution\":\"/Users/thenet/WebstormProjects/firebase_func/functions/node_modules/firebase-functions/lib/index.js\"}"}}
[debug] [2020-08-18T22:11:47.134Z] [runtime-status] [3328] firebase-admin has been stubbed. {"adminResolution":{"declared":true,"installed":true,"version":"8.13.0","resolution":"/Users/thenet/WebstormProjects/firebase_func/functions/node_modules/firebase-admin/lib/index.js"}} {"metadata":{"emulator":{"name":"functions"},"function":{"name":"api"},"message":"[runtime-status] [3328] firebase-admin has been stubbed. {\"adminResolution\":{\"declared\":true,\"installed\":true,\"version\":\"8.13.0\",\"resolution\":\"/Users/thenet/WebstormProjects/firebase_func/functions/node_modules/firebase-admin/lib/index.js\"}}"}}
[debug] [2020-08-18T22:11:47.202Z] [runtime-status] [3328] initializeApp(DEFAULT) {"databaseURL":"https://fbweb-31a5f.firebaseio.com","storageBucket":"fbweb-31a5f.appspot.com","projectId":"fbweb-31a5f"} {"metadata":{"emulator":{"name":"functions"},"function":{"name":"api"},"message":"[runtime-status] [3328] initializeApp(DEFAULT) {\"databaseURL\":\"https://fbweb-31a5f.firebaseio.com\",\"storageBucket\":\"fbweb-31a5f.appspot.com\",\"projectId\":\"fbweb-31a5f\"}"}}
[warn] ⚠  functions: The Cloud Firestore emulator is not running, so calls to Firestore will affect production. {"metadata":{"emulator":{"name":"functions"},"function":{"name":"api"},"message":"The Cloud Firestore emulator is not running, so calls to Firestore will affect production."}}
[debug] [2020-08-18T22:11:47.392Z] [runtime-status] [3328] Trigger "api" has been found, beginning invocation! {"metadata":{"emulator":{"name":"functions"},"function":{"name":"api"},"message":"[runtime-status] [3328] Trigger \"api\" has been found, beginning invocation!"}}
[info] i  functions: Beginning execution of "api" {"metadata":{"emulator":{"name":"functions"},"function":{"name":"api"},"message":"Beginning execution of \"api\""}}
[debug] [2020-08-18T22:11:47.393Z] [runtime-status] [3328] triggerDefinition {"regions":["us-central1"],"httpsTrigger":{},"name":"api","entryPoint":"api"} {"metadata":{"emulator":{"name":"functions"},"function":{"name":"api"},"message":"[runtime-status] [3328] triggerDefinition {\"regions\":[\"us-central1\"],\"httpsTrigger\":{},\"name\":\"api\",\"entryPoint\":\"api\"}"}}
[debug] [2020-08-18T22:11:47.393Z] [runtime-status] [3328] Running api in mode HTTPS {"metadata":{"emulator":{"name":"functions"},"function":{"name":"api"},"message":"[runtime-status] [3328] Running api in mode HTTPS"}}
[debug] [2020-08-18T22:11:47.399Z] [runtime-status] [3328] Attempting to listen to socketPath: /var/folders/gf/rqbsf_z11xs0cfjnkpd_qkv00000gn/T/fire_emu_3328.sock {"metadata":{"emulator":{"name":"functions"},"function":{"name":"api"},"message":"[runtime-status] [3328] Attempting to listen to socketPath: /var/folders/gf/rqbsf_z11xs0cfjnkpd_qkv00000gn/T/fire_emu_3328.sock"}}
[debug] [2020-08-18T22:11:47.402Z] [functions] Runtime ready! Sending request! {"metadata":{"emulator":{"name":"functions"},"message":"[functions] Runtime ready! Sending request!"}}
[debug] [2020-08-18T22:11:47.419Z] [runtime-status] [3328] Ephemeral server handling GET request {"metadata":{"emulator":{"name":"functions"},"function":{"name":"api"},"message":"[runtime-status] [3328] Ephemeral server handling GET request"}}
[debug] [2020-08-18T22:11:47.426Z] [runtime-status] [3328] Ephemeral server survived. {"metadata":{"emulator":{"name":"functions"},"function":{"name":"api"},"message":"[runtime-status] [3328] Ephemeral server survived."}}
[warn] ⚠  Google API requested!
   - URL: "https://oauth2.googleapis.com/token"
   - Be careful, this may be a production service. {"metadata":{"emulator":{"name":"functions"},"function":{"name":"api"},"message":"Google API requested!\n   - URL: \"https://oauth2.googleapis.com/token\"\n   - Be careful, this may be a production service."}}
[debug] [2020-08-18T22:11:48.007Z] [work-queue] {"queueLength":1,"workRunningCount":1}
[debug] [2020-08-18T22:11:48.008Z] [work-queue] {"queueLength":0,"workRunningCount":2}
[debug] [2020-08-18T22:11:48.008Z] Accepted request GET /fbweb-31a5f/us-central1/api/topics --> api
[debug] [2020-08-18T22:11:48.013Z] [worker-pool] addWorker(api) {"metadata":{"emulator":{"name":"functions"},"message":"[worker-pool] addWorker(api)"}}
[debug] [2020-08-18T22:11:48.014Z] [worker-pool] Adding worker with key api, total=2 {"metadata":{"emulator":{"name":"functions"},"message":"[worker-pool] Adding worker with key api, total=2"}}
[debug] [2020-08-18T22:11:48.014Z] [worker-pool] submitWork(triggerId=api) {"metadata":{"emulator":{"name":"functions"},"message":"[worker-pool] submitWork(triggerId=api)"}}
[debug] [2020-08-18T22:11:48.014Z] [worker-api-a7dbb656-f4b7-4286-81f0-6fbaddd2c108]: Assigning socketPath: /var/folders/gf/rqbsf_z11xs0cfjnkpd_qkv00000gn/T/fire_emu_3329.sock {"metadata":{"emulator":{"name":"functions"},"message":"[worker-api-a7dbb656-f4b7-4286-81f0-6fbaddd2c108]: Assigning socketPath: /var/folders/gf/rqbsf_z11xs0cfjnkpd_qkv00000gn/T/fire_emu_3329.sock"}}
[debug] [2020-08-18T22:11:48.014Z] [worker-api-a7dbb656-f4b7-4286-81f0-6fbaddd2c108]: BUSY {"metadata":{"emulator":{"name":"functions"},"message":"[worker-api-a7dbb656-f4b7-4286-81f0-6fbaddd2c108]: BUSY"}}
[debug] [2020-08-18T22:11:48.312Z] [runtime-status] [3329] Functions runtime initialized. {"cwd":"/Users/thenet/WebstormProjects/firebase_func/functions","node_version":"14.5.0"} {"metadata":{"emulator":{"name":"functions"},"function":{"name":"api"},"message":"[runtime-status] [3329] Functions runtime initialized. {\"cwd\":\"/Users/thenet/WebstormProjects/firebase_func/functions\",\"node_version\":\"14.5.0\"}"}}
[debug] [2020-08-18T22:11:48.319Z] [runtime-status] [3329] Disabled runtime features: undefined {"metadata":{"emulator":{"name":"functions"},"function":{"name":"api"},"message":"[runtime-status] [3329] Disabled runtime features: undefined"}}
[debug] [2020-08-18T22:11:48.321Z] [runtime-status] [3329] Resolved module firebase-admin {"declared":true,"installed":true,"version":"8.13.0","resolution":"/Users/thenet/WebstormProjects/firebase_func/functions/node_modules/firebase-admin/lib/index.js"} {"metadata":{"emulator":{"name":"functions"},"function":{"name":"api"},"message":"[runtime-status] [3329] Resolved module firebase-admin {\"declared\":true,\"installed\":true,\"version\":\"8.13.0\",\"resolution\":\"/Users/thenet/WebstormProjects/firebase_func/functions/node_modules/firebase-admin/lib/index.js\"}"}}
[debug] [2020-08-18T22:11:48.323Z] [runtime-status] [3329] Resolved module firebase-functions {"declared":true,"installed":true,"version":"3.9.1","resolution":"/Users/thenet/WebstormProjects/firebase_func/functions/node_modules/firebase-functions/lib/index.js"} {"metadata":{"emulator":{"name":"functions"},"function":{"name":"api"},"message":"[runtime-status] [3329] Resolved module firebase-functions {\"declared\":true,\"installed\":true,\"version\":\"3.9.1\",\"resolution\":\"/Users/thenet/WebstormProjects/firebase_func/functions/node_modules/firebase-functions/lib/index.js\"}"}}
[debug] [2020-08-18T22:11:48.324Z] [runtime-status] [3329] Resolved module firebase-functions {"declared":true,"installed":true,"version":"3.9.1","resolution":"/Users/thenet/WebstormProjects/firebase_func/functions/node_modules/firebase-functions/lib/index.js"} {"metadata":{"emulator":{"name":"functions"},"function":{"name":"api"},"message":"[runtime-status] [3329] Resolved module firebase-functions {\"declared\":true,\"installed\":true,\"version\":\"3.9.1\",\"resolution\":\"/Users/thenet/WebstormProjects/firebase_func/functions/node_modules/firebase-functions/lib/index.js\"}"}}
[debug] [2020-08-18T22:11:48.327Z] [runtime-status] [3329] Outgoing network have been stubbed. [{"name":"http","status":"mocked"},{"name":"http","status":"mocked"},{"name":"https","status":"mocked"},{"name":"https","status":"mocked"},{"name":"net","status":"mocked"}] {"metadata":{"emulator":{"name":"functions"},"function":{"name":"api"},"message":"[runtime-status] [3329] Outgoing network have been stubbed. [{\"name\":\"http\",\"status\":\"mocked\"},{\"name\":\"http\",\"status\":\"mocked\"},{\"name\":\"https\",\"status\":\"mocked\"},{\"name\":\"https\",\"status\":\"mocked\"},{\"name\":\"net\",\"status\":\"mocked\"}]"}}
[debug] [2020-08-18T22:11:48.328Z] [runtime-status] [3329] Resolved module firebase-functions {"declared":true,"installed":true,"version":"3.9.1","resolution":"/Users/thenet/WebstormProjects/firebase_func/functions/node_modules/firebase-functions/lib/index.js"} {"metadata":{"emulator":{"name":"functions"},"function":{"name":"api"},"message":"[runtime-status] [3329] Resolved module firebase-functions {\"declared\":true,\"installed\":true,\"version\":\"3.9.1\",\"resolution\":\"/Users/thenet/WebstormProjects/firebase_func/functions/node_modules/firebase-functions/lib/index.js\"}"}}
[debug] [2020-08-18T22:11:48.363Z] [runtime-status] [3329] Checked functions.config() {"config":{}} {"metadata":{"emulator":{"name":"functions"},"function":{"name":"api"},"message":"[runtime-status] [3329] Checked functions.config() {\"config\":{}}"}}
[debug] [2020-08-18T22:11:48.364Z] [runtime-status] [3329] firebase-functions has been stubbed. {"functionsResolution":{"declared":true,"installed":true,"version":"3.9.1","resolution":"/Users/thenet/WebstormProjects/firebase_func/functions/node_modules/firebase-functions/lib/index.js"}} {"metadata":{"emulator":{"name":"functions"},"function":{"name":"api"},"message":"[runtime-status] [3329] firebase-functions has been stubbed. {\"functionsResolution\":{\"declared\":true,\"installed\":true,\"version\":\"3.9.1\",\"resolution\":\"/Users/thenet/WebstormProjects/firebase_func/functions/node_modules/firebase-functions/lib/index.js\"}}"}}
[debug] [2020-08-18T22:11:48.364Z] [runtime-status] [3329] Resolved module firebase-functions {"declared":true,"installed":true,"version":"3.9.1","resolution":"/Users/thenet/WebstormProjects/firebase_func/functions/node_modules/firebase-functions/lib/index.js"} {"metadata":{"emulator":{"name":"functions"},"function":{"name":"api"},"message":"[runtime-status] [3329] Resolved module firebase-functions {\"declared\":true,\"installed\":true,\"version\":\"3.9.1\",\"resolution\":\"/Users/thenet/WebstormProjects/firebase_func/functions/node_modules/firebase-functions/lib/index.js\"}"}}
[debug] [2020-08-18T22:11:48.365Z] [runtime-status] [3329] Resolved module firebase-admin {"declared":true,"installed":true,"version":"8.13.0","resolution":"/Users/thenet/WebstormProjects/firebase_func/functions/node_modules/firebase-admin/lib/index.js"} {"metadata":{"emulator":{"name":"functions"},"function":{"name":"api"},"message":"[runtime-status] [3329] Resolved module firebase-admin {\"declared\":true,\"installed\":true,\"version\":\"8.13.0\",\"resolution\":\"/Users/thenet/WebstormProjects/firebase_func/functions/node_modules/firebase-admin/lib/index.js\"}"}}
[debug] [2020-08-18T22:11:48.365Z] [runtime-status] [3329] Resolved module firebase-functions {"declared":true,"installed":true,"version":"3.9.1","resolution":"/Users/thenet/WebstormProjects/firebase_func/functions/node_modules/firebase-functions/lib/index.js"} {"metadata":{"emulator":{"name":"functions"},"function":{"name":"api"},"message":"[runtime-status] [3329] Resolved module firebase-functions {\"declared\":true,\"installed\":true,\"version\":\"3.9.1\",\"resolution\":\"/Users/thenet/WebstormProjects/firebase_func/functions/node_modules/firebase-functions/lib/index.js\"}"}}
[debug] [2020-08-18T22:11:48.365Z] [runtime-status] [3329] firebase-admin has been stubbed. {"adminResolution":{"declared":true,"installed":true,"version":"8.13.0","resolution":"/Users/thenet/WebstormProjects/firebase_func/functions/node_modules/firebase-admin/lib/index.js"}} {"metadata":{"emulator":{"name":"functions"},"function":{"name":"api"},"message":"[runtime-status] [3329] firebase-admin has been stubbed. {\"adminResolution\":{\"declared\":true,\"installed\":true,\"version\":\"8.13.0\",\"resolution\":\"/Users/thenet/WebstormProjects/firebase_func/functions/node_modules/firebase-admin/lib/index.js\"}}"}}
[debug] [2020-08-18T22:11:48.424Z] [runtime-status] [3329] initializeApp(DEFAULT) {"databaseURL":"https://fbweb-31a5f.firebaseio.com","storageBucket":"fbweb-31a5f.appspot.com","projectId":"fbweb-31a5f"} {"metadata":{"emulator":{"name":"functions"},"function":{"name":"api"},"message":"[runtime-status] [3329] initializeApp(DEFAULT) {\"databaseURL\":\"https://fbweb-31a5f.firebaseio.com\",\"storageBucket\":\"fbweb-31a5f.appspot.com\",\"projectId\":\"fbweb-31a5f\"}"}}
[warn] ⚠  functions: The Cloud Firestore emulator is not running, so calls to Firestore will affect production. {"metadata":{"emulator":{"name":"functions"},"function":{"name":"api"},"message":"The Cloud Firestore emulator is not running, so calls to Firestore will affect production."}}
[debug] [2020-08-18T22:11:48.594Z] [runtime-status] [3329] Trigger "api" has been found, beginning invocation! {"metadata":{"emulator":{"name":"functions"},"function":{"name":"api"},"message":"[runtime-status] [3329] Trigger \"api\" has been found, beginning invocation!"}}
[info] i  functions: Beginning execution of "api" {"metadata":{"emulator":{"name":"functions"},"function":{"name":"api"},"message":"Beginning execution of \"api\""}}
[debug] [2020-08-18T22:11:48.595Z] [runtime-status] [3329] triggerDefinition {"regions":["us-central1"],"httpsTrigger":{},"name":"api","entryPoint":"api"} {"metadata":{"emulator":{"name":"functions"},"function":{"name":"api"},"message":"[runtime-status] [3329] triggerDefinition {\"regions\":[\"us-central1\"],\"httpsTrigger\":{},\"name\":\"api\",\"entryPoint\":\"api\"}"}}
[debug] [2020-08-18T22:11:48.595Z] [runtime-status] [3329] Running api in mode HTTPS {"metadata":{"emulator":{"name":"functions"},"function":{"name":"api"},"message":"[runtime-status] [3329] Running api in mode HTTPS"}}
[debug] [2020-08-18T22:11:48.598Z] [runtime-status] [3329] Attempting to listen to socketPath: /var/folders/gf/rqbsf_z11xs0cfjnkpd_qkv00000gn/T/fire_emu_3329.sock {"metadata":{"emulator":{"name":"functions"},"function":{"name":"api"},"message":"[runtime-status] [3329] Attempting to listen to socketPath: /var/folders/gf/rqbsf_z11xs0cfjnkpd_qkv00000gn/T/fire_emu_3329.sock"}}
[debug] [2020-08-18T22:11:48.600Z] [functions] Runtime ready! Sending request! {"metadata":{"emulator":{"name":"functions"},"message":"[functions] Runtime ready! Sending request!"}}
[debug] [2020-08-18T22:11:48.604Z] [runtime-status] [3329] Ephemeral server handling GET request {"metadata":{"emulator":{"name":"functions"},"function":{"name":"api"},"message":"[runtime-status] [3329] Ephemeral server handling GET request"}}
[debug] [2020-08-18T22:11:48.610Z] [runtime-status] [3329] Ephemeral server survived. {"metadata":{"emulator":{"name":"functions"},"function":{"name":"api"},"message":"[runtime-status] [3329] Ephemeral server survived."}}
[info] i  functions: Finished "api" in ~1s {"metadata":{"emulator":{"name":"functions"},"function":{"name":"api"},"message":"Finished \"api\" in ~1s"}}
[debug] [2020-08-18T22:11:48.630Z] [worker-api-174df3f1-114b-482c-8f54-b13bd1c1b3f7]: IDLE {"metadata":{"emulator":{"name":"functions"},"message":"[worker-api-174df3f1-114b-482c-8f54-b13bd1c1b3f7]: IDLE"}}
[debug] [2020-08-18T22:11:48.630Z] [work-queue] {"queueLength":0,"workRunningCount":1}
[warn] ⚠  Google API requested!
   - URL: "https://oauth2.googleapis.com/token"
   - Be careful, this may be a production service. {"metadata":{"emulator":{"name":"functions"},"function":{"name":"api"},"message":"Google API requested!\n   - URL: \"https://oauth2.googleapis.com/token\"\n   - Be careful, this may be a production service."}}
[debug] [2020-08-18T22:11:49.431Z] [work-queue] {"queueLength":1,"workRunningCount":1}
[debug] [2020-08-18T22:11:49.431Z] [work-queue] {"queueLength":0,"workRunningCount":2}
[debug] [2020-08-18T22:11:49.431Z] Accepted request GET /fbweb-31a5f/us-central1/api/topics --> api
[debug] [2020-08-18T22:11:49.431Z] [worker-pool] submitWork(triggerId=api) {"metadata":{"emulator":{"name":"functions"},"message":"[worker-pool] submitWork(triggerId=api)"}}
[debug] [2020-08-18T22:11:49.431Z] [worker-api-174df3f1-114b-482c-8f54-b13bd1c1b3f7]: Assigning socketPath: /var/folders/gf/rqbsf_z11xs0cfjnkpd_qkv00000gn/T/fire_emu_3328.sock {"metadata":{"emulator":{"name":"functions"},"message":"[worker-api-174df3f1-114b-482c-8f54-b13bd1c1b3f7]: Assigning socketPath: /var/folders/gf/rqbsf_z11xs0cfjnkpd_qkv00000gn/T/fire_emu_3328.sock"}}
[debug] [2020-08-18T22:11:49.432Z] [worker-api-174df3f1-114b-482c-8f54-b13bd1c1b3f7]: BUSY {"metadata":{"emulator":{"name":"functions"},"message":"[worker-api-174df3f1-114b-482c-8f54-b13bd1c1b3f7]: BUSY"}}
[debug] [2020-08-18T22:11:49.432Z] [runtime-status] [3328] Trigger "api" has been found, beginning invocation! {"metadata":{"emulator":{"name":"functions"},"function":{"name":"api"},"message":"[runtime-status] [3328] Trigger \"api\" has been found, beginning invocation!"}}
[info] i  functions: Beginning execution of "api" {"metadata":{"emulator":{"name":"functions"},"function":{"name":"api"},"message":"Beginning execution of \"api\""}}
[debug] [2020-08-18T22:11:49.432Z] [runtime-status] [3328] triggerDefinition {"regions":["us-central1"],"httpsTrigger":{},"name":"api","entryPoint":"api"} {"metadata":{"emulator":{"name":"functions"},"function":{"name":"api"},"message":"[runtime-status] [3328] triggerDefinition {\"regions\":[\"us-central1\"],\"httpsTrigger\":{},\"name\":\"api\",\"entryPoint\":\"api\"}"}}
[debug] [2020-08-18T22:11:49.432Z] [runtime-status] [3328] Running api in mode HTTPS {"metadata":{"emulator":{"name":"functions"},"function":{"name":"api"},"message":"[runtime-status] [3328] Running api in mode HTTPS"}}
[debug] [2020-08-18T22:11:49.433Z] [runtime-status] [3328] Attempting to listen to socketPath: /var/folders/gf/rqbsf_z11xs0cfjnkpd_qkv00000gn/T/fire_emu_3328.sock {"metadata":{"emulator":{"name":"functions"},"function":{"name":"api"},"message":"[runtime-status] [3328] Attempting to listen to socketPath: /var/folders/gf/rqbsf_z11xs0cfjnkpd_qkv00000gn/T/fire_emu_3328.sock"}}
[debug] [2020-08-18T22:11:49.433Z] [functions] Runtime ready! Sending request! {"metadata":{"emulator":{"name":"functions"},"message":"[functions] Runtime ready! Sending request!"}}
[debug] [2020-08-18T22:11:49.435Z] [runtime-status] [3328] Ephemeral server handling GET request {"metadata":{"emulator":{"name":"functions"},"function":{"name":"api"},"message":"[runtime-status] [3328] Ephemeral server handling GET request"}}
[debug] [2020-08-18T22:11:49.436Z] [runtime-status] [3328] Ephemeral server survived. {"metadata":{"emulator":{"name":"functions"},"function":{"name":"api"},"message":"[runtime-status] [3328] Ephemeral server survived."}}
[info] i  functions: Finished "api" in ~1s {"metadata":{"emulator":{"name":"functions"},"function":{"name":"api"},"message":"Finished \"api\" in ~1s"}}
[debug] [2020-08-18T22:11:49.687Z] [worker-api-a7dbb656-f4b7-4286-81f0-6fbaddd2c108]: IDLE {"metadata":{"emulator":{"name":"functions"},"message":"[worker-api-a7dbb656-f4b7-4286-81f0-6fbaddd2c108]: IDLE"}}
[debug] [2020-08-18T22:11:49.687Z] [work-queue] {"queueLength":0,"workRunningCount":1}
[info] i  functions: Finished "api" in ~1s {"metadata":{"emulator":{"name":"functions"},"function":{"name":"api"},"message":"Finished \"api\" in ~1s"}}
[debug] [2020-08-18T22:11:49.725Z] [worker-api-174df3f1-114b-482c-8f54-b13bd1c1b3f7]: IDLE {"metadata":{"emulator":{"name":"functions"},"message":"[worker-api-174df3f1-114b-482c-8f54-b13bd1c1b3f7]: IDLE"}}
[debug] [2020-08-18T22:11:49.725Z] [work-queue] {"queueLength":0,"workRunningCount":0}
[debug] [2020-08-18T22:11:49.916Z] [work-queue] {"queueLength":1,"workRunningCount":0}
[debug] [2020-08-18T22:11:49.916Z] [work-queue] {"queueLength":0,"workRunningCount":1}
[debug] [2020-08-18T22:11:49.916Z] Accepted request GET /fbweb-31a5f/us-central1/api/topics --> api
[debug] [2020-08-18T22:11:49.916Z] [worker-pool] submitWork(triggerId=api) {"metadata":{"emulator":{"name":"functions"},"message":"[worker-pool] submitWork(triggerId=api)"}}
[debug] [2020-08-18T22:11:49.916Z] [worker-api-174df3f1-114b-482c-8f54-b13bd1c1b3f7]: Assigning socketPath: /var/folders/gf/rqbsf_z11xs0cfjnkpd_qkv00000gn/T/fire_emu_3328.sock {"metadata":{"emulator":{"name":"functions"},"message":"[worker-api-174df3f1-114b-482c-8f54-b13bd1c1b3f7]: Assigning socketPath: /var/folders/gf/rqbsf_z11xs0cfjnkpd_qkv00000gn/T/fire_emu_3328.sock"}}
[debug] [2020-08-18T22:11:49.916Z] [worker-api-174df3f1-114b-482c-8f54-b13bd1c1b3f7]: BUSY {"metadata":{"emulator":{"name":"functions"},"message":"[worker-api-174df3f1-114b-482c-8f54-b13bd1c1b3f7]: BUSY"}}
[debug] [2020-08-18T22:11:49.917Z] [runtime-status] [3328] Trigger "api" has been found, beginning invocation! {"metadata":{"emulator":{"name":"functions"},"function":{"name":"api"},"message":"[runtime-status] [3328] Trigger \"api\" has been found, beginning invocation!"}}
[info] i  functions: Beginning execution of "api" {"metadata":{"emulator":{"name":"functions"},"function":{"name":"api"},"message":"Beginning execution of \"api\""}}
[debug] [2020-08-18T22:11:49.917Z] [runtime-status] [3328] triggerDefinition {"regions":["us-central1"],"httpsTrigger":{},"name":"api","entryPoint":"api"} {"metadata":{"emulator":{"name":"functions"},"function":{"name":"api"},"message":"[runtime-status] [3328] triggerDefinition {\"regions\":[\"us-central1\"],\"httpsTrigger\":{},\"name\":\"api\",\"entryPoint\":\"api\"}"}}
[debug] [2020-08-18T22:11:49.917Z] [runtime-status] [3328] Running api in mode HTTPS {"metadata":{"emulator":{"name":"functions"},"function":{"name":"api"},"message":"[runtime-status] [3328] Running api in mode HTTPS"}}
[debug] [2020-08-18T22:11:49.917Z] [runtime-status] [3328] Attempting to listen to socketPath: /var/folders/gf/rqbsf_z11xs0cfjnkpd_qkv00000gn/T/fire_emu_3328.sock {"metadata":{"emulator":{"name":"functions"},"function":{"name":"api"},"message":"[runtime-status] [3328] Attempting to listen to socketPath: /var/folders/gf/rqbsf_z11xs0cfjnkpd_qkv00000gn/T/fire_emu_3328.sock"}}
[debug] [2020-08-18T22:11:49.918Z] [functions] Runtime ready! Sending request! {"metadata":{"emulator":{"name":"functions"},"message":"[functions] Runtime ready! Sending request!"}}
[debug] [2020-08-18T22:11:49.920Z] [runtime-status] [3328] Ephemeral server handling GET request {"metadata":{"emulator":{"name":"functions"},"function":{"name":"api"},"message":"[runtime-status] [3328] Ephemeral server handling GET request"}}
[debug] [2020-08-18T22:11:49.921Z] [runtime-status] [3328] Ephemeral server survived. {"metadata":{"emulator":{"name":"functions"},"function":{"name":"api"},"message":"[runtime-status] [3328] Ephemeral server survived."}}
[debug] [2020-08-18T22:11:50.100Z] [work-queue] {"queueLength":1,"workRunningCount":1}
[debug] [2020-08-18T22:11:50.100Z] [work-queue] {"queueLength":0,"workRunningCount":2}
[debug] [2020-08-18T22:11:50.100Z] Accepted request GET /fbweb-31a5f/us-central1/api/topics --> api
[debug] [2020-08-18T22:11:50.100Z] [worker-pool] submitWork(triggerId=api) {"metadata":{"emulator":{"name":"functions"},"message":"[worker-pool] submitWork(triggerId=api)"}}
[debug] [2020-08-18T22:11:50.100Z] [worker-api-a7dbb656-f4b7-4286-81f0-6fbaddd2c108]: Assigning socketPath: /var/folders/gf/rqbsf_z11xs0cfjnkpd_qkv00000gn/T/fire_emu_3329.sock {"metadata":{"emulator":{"name":"functions"},"message":"[worker-api-a7dbb656-f4b7-4286-81f0-6fbaddd2c108]: Assigning socketPath: /var/folders/gf/rqbsf_z11xs0cfjnkpd_qkv00000gn/T/fire_emu_3329.sock"}}
[debug] [2020-08-18T22:11:50.100Z] [worker-api-a7dbb656-f4b7-4286-81f0-6fbaddd2c108]: BUSY {"metadata":{"emulator":{"name":"functions"},"message":"[worker-api-a7dbb656-f4b7-4286-81f0-6fbaddd2c108]: BUSY"}}
[debug] [2020-08-18T22:11:50.101Z] [runtime-status] [3329] Trigger "api" has been found, beginning invocation! {"metadata":{"emulator":{"name":"functions"},"function":{"name":"api"},"message":"[runtime-status] [3329] Trigger \"api\" has been found, beginning invocation!"}}
[info] i  functions: Beginning execution of "api" {"metadata":{"emulator":{"name":"functions"},"function":{"name":"api"},"message":"Beginning execution of \"api\""}}
[debug] [2020-08-18T22:11:50.103Z] [runtime-status] [3329] triggerDefinition {"regions":["us-central1"],"httpsTrigger":{},"name":"api","entryPoint":"api"} {"metadata":{"emulator":{"name":"functions"},"function":{"name":"api"},"message":"[runtime-status] [3329] triggerDefinition {\"regions\":[\"us-central1\"],\"httpsTrigger\":{},\"name\":\"api\",\"entryPoint\":\"api\"}"}}
[debug] [2020-08-18T22:11:50.103Z] [runtime-status] [3329] Running api in mode HTTPS {"metadata":{"emulator":{"name":"functions"},"function":{"name":"api"},"message":"[runtime-status] [3329] Running api in mode HTTPS"}}
[debug] [2020-08-18T22:11:50.103Z] [runtime-status] [3329] Attempting to listen to socketPath: /var/folders/gf/rqbsf_z11xs0cfjnkpd_qkv00000gn/T/fire_emu_3329.sock {"metadata":{"emulator":{"name":"functions"},"function":{"name":"api"},"message":"[runtime-status] [3329] Attempting to listen to socketPath: /var/folders/gf/rqbsf_z11xs0cfjnkpd_qkv00000gn/T/fire_emu_3329.sock"}}
[debug] [2020-08-18T22:11:50.103Z] [functions] Runtime ready! Sending request! {"metadata":{"emulator":{"name":"functions"},"message":"[functions] Runtime ready! Sending request!"}}
[debug] [2020-08-18T22:11:50.106Z] [runtime-status] [3329] Ephemeral server handling GET request {"metadata":{"emulator":{"name":"functions"},"function":{"name":"api"},"message":"[runtime-status] [3329] Ephemeral server handling GET request"}}
[debug] [2020-08-18T22:11:50.106Z] [runtime-status] [3329] Ephemeral server survived. {"metadata":{"emulator":{"name":"functions"},"function":{"name":"api"},"message":"[runtime-status] [3329] Ephemeral server survived."}}
[info] i  functions: Finished "api" in ~1s {"metadata":{"emulator":{"name":"functions"},"function":{"name":"api"},"message":"Finished \"api\" in ~1s"}}
[debug] [2020-08-18T22:11:50.192Z] [worker-api-174df3f1-114b-482c-8f54-b13bd1c1b3f7]: IDLE {"metadata":{"emulator":{"name":"functions"},"message":"[worker-api-174df3f1-114b-482c-8f54-b13bd1c1b3f7]: IDLE"}}
[debug] [2020-08-18T22:11:50.192Z] [work-queue] {"queueLength":0,"workRunningCount":1}
[info] i  functions: Finished "api" in ~1s {"metadata":{"emulator":{"name":"functions"},"function":{"name":"api"},"message":"Finished \"api\" in ~1s"}}
[debug] [2020-08-18T22:11:50.367Z] [worker-api-a7dbb656-f4b7-4286-81f0-6fbaddd2c108]: IDLE {"metadata":{"emulator":{"name":"functions"},"message":"[worker-api-a7dbb656-f4b7-4286-81f0-6fbaddd2c108]: IDLE"}}
[debug] [2020-08-18T22:11:50.367Z] [work-queue] {"queueLength":0,"workRunningCount":0}
